<?xml version="1.0" encoding="UTF-8"?>
<testsuite xmlns:xsi="http://www.w3.org/2001/XMLSchema-instance" xsi:noNamespaceSchemaLocation="https://maven.apache.org/surefire/maven-surefire-plugin/xsd/surefire-test-report-3.0.xsd" version="3.0" name="runners.RunnerClass" time="16.107" tests="1" errors="0" skipped="0" failures="0">
  <properties>
[...]
</properties>
  <testcase name="Valid admin login" classname="Login related scenarios" time="14.232">
    <system-out><![CDATA[
@sprint1 @regression @smoke @newTestCase @newFeature @validLogin @Repeat(3)
Scenario: Valid admin login                           &amp#27;[90m# src/test/resources/features/Login.feature:8&amp#27;[0m
  &amp#27;[32mWhen &amp#27;[0m&amp#27;[32muser enters valid admin username and password&amp#27;[0m  &amp#27;[90m# steps.LoginSteps.user_enters_valid_admin_username_and_password()&amp#27;[0m
  &amp#27;[32mAnd &amp#27;[0m&amp#27;[32muser clicks on login button&amp#27;[0m                     &amp#27;[90m# steps.LoginSteps.user_clicks_on_login_button()&amp#27;[0m
My test case is passed for log in
  &amp#27;[32mThen &amp#27;[0m&amp#27;[32muser is successfully logged in the application&amp#27;[0m &amp#27;[90m# steps.LoginSteps.user_is_successfully_logged_in_the_application()&amp#27;[0m

    Embedding Valid admin login [image/png 78674 bytes]

]]></system-out>
    <system-err><![CDATA[SLF4J: Failed to load class "org.slf4j.impl.StaticLoggerBinder".
SLF4J: Defaulting to no-operation (NOP) logger implementation
SLF4J: See http://www.slf4j.org/codes.html#StaticLoggerBinder for further details.
Jan 11, 2024 5:11:18 PM org.openqa.selenium.devtools.CdpVersionFinder findNearestMatch
WARNING: Unable to find CDP implementation matching 120
Jan 11, 2024 5:11:18 PM org.openqa.selenium.chromium.ChromiumDriver lambda$new$5
WARNING: Unable to find version of CDP to use for 120.0.6099.199. You may need to include a dependency on a specific version of the CDP using something similar to `org.seleniumhq.selenium:selenium-devtools-v86:4.11.0` where the version ("v86") matches the version of the chromium-based browser you're using and the version number of the artifact is the same as Selenium's.
]]></system-err>
  </testcase>
</testsuite>